<?xml version="1.0" encoding="UTF-8"?>
<!-- Generated by org.testng.reporters.JUnitReportReporter -->
<testsuite hostname="DESKTOP-86IQ3N1" failures="0" tests="1" name="com.qa.Browser.OpenUrl" time="5.403" errors="0" timestamp="2021-04-08T19:15:55 IST" skipped="0">
  <testcase classname="com.qa.Browser.OpenUrl" name="LogintoFB" time="5.403"/>
  <system-out/>
</testsuite> <!-- com.qa.Browser.OpenUrl -->
